QUEUE PUSH 1 RETURN VALUE 1
QUEUE PUSH 2 RETURN VALUE 1
QUEUE PUSH 3 RETURN VALUE 1
QUEUE PUSH 4 RETURN VALUE 1
QUEUE PUSH 5 RETURN VALUE 1
QUEUE SIZE: 5
QUEUE PRINT ITEM[0] = 1
QUEUE PRINT ITEM[1] = 2
QUEUE PRINT ITEM[2] = 3
QUEUE PRINT ITEM[3] = 4
QUEUE PRINT ITEM[4] = 5
QUEUE INSERT 5 RETURN VALUE 1
QUEUE INSERT 2 RETURN VALUE 1
QUEUE INSERT 6 RETURN VALUE 1
QUEUE PRINT ITEM[0] = 6
QUEUE PRINT ITEM[1] = 5
QUEUE PRINT ITEM[2] = 2
QUEUE PRINT ITEM[3] = 1
QUEUE PRINT ITEM[4] = 2
QUEUE PRINT ITEM[5] = 3
QUEUE PRINT ITEM[6] = 4
QUEUE PRINT ITEM[7] = 5
QUEUE ERASE 2 RETURN VALUE 1
QUEUE POP VALUE 6
QUEUE POP VALUE 5
QUEUE INSERT 1 RETURN VALUE 1
QUEUE INSERT 2 RETURN VALUE 1
QUEUE ERASE 1 RETURN VALUE 1
QUEUE INSERT 1 RETURN VALUE 1
QUEUE POP VALUE 2
QUEUE POP VALUE 3
QUEUE PRINT ITEM[0] = 4
QUEUE PRINT ITEM[1] = 5
QUEUE PRINT ITEM[2] = 1
